C51 COMPILER V9.60.0.0   MAIN                                                              03/20/2022 23:34:31 PAGE 1   


C51 COMPILER V9.60.0.0, COMPILATION OF MODULE MAIN
OBJECT MODULE PLACED IN .\Objects\main.obj
COMPILER INVOKED BY: D:\Code\Keil_v5\C51\BIN\C51.EXE main.c OPTIMIZE(8,SPEED) BROWSE DEBUG OBJECTEXTEND PRINT(.\Listings
                    -\main.lst) OBJECT(.\Objects\main.obj)

line level    source

   1          #include <REGX52.H>
   2          #include <stdio.h>
   3          #include "Delay.h"
   4          
   5          #define LED P2
   6          
   7          unsigned char flag = 0,i,flag_t,s[50]="",j=0,flag_n=0;
   8          
   9          unsigned char flag_l = 2;
  10          
  11          void Uart_Init()
  12          {
  13   1              SCON = 0x50;
  14   1              TMOD = 0x20;
  15   1              PCON = 0x00;
  16   1              TL1 = 0xFD;
  17   1              TH1 = 0xFD;
  18   1              ET1 = 0;
  19   1              TR1 = 1;
  20   1              ES = 1;
  21   1          EA = 1;
  22   1      }
  23          
  24          void main()
  25          {
  26   1              Uart_Init();
  27   1      
  28   1              while(1)
  29   1              {
  30   2                      if(flag==1)
  31   2                      {
  32   3                              if(flag_n!=0)        //‰ΩøÁ¨¨‰∫å‰∏™Âèä‰ª•ÂêéI get xx Êç¢Ë°åÔºå‰∏ç‰∏éYou transferÂú®‰∏ÄË°åÔºàÂçïÁ∫Ø‰∏∫‰∫
             -ÜÊ†ºÂºèÂ•ΩÁúãÔºâ  
  33   3                              {
  34   4                                      TI=1;
  35   4                                      printf("\n");
  36   4                                      while(!TI);
  37   4                                      TI=0;
  38   4                              }  
  39   3                              
  40   3                              for(i=0;s[i]!='\n'&&i<50;i++)
  41   3                              {  
  42   4                                      SBUF=s[i];
  43   4                                      while(!TI);
  44   4                                      TI=0;
  45   4                              }  
  46   3                                      flag=0;
  47   3                      }  
  48   2                      
  49   2                      if(flag_t==1)                          //ÂèëÈÄÅÂÆåÊØï‰πãÂêéÔºåÂú®ÁîµËÑëÁ´ØËæìÂá∫„ÄÇ  
  50   2                      {  
  51   3                              if(flag_l == 1)
  52   3                              {
  53   4                                      TI=1;
C51 COMPILER V9.60.0.0   MAIN                                                              03/20/2022 23:34:31 PAGE 2   

  54   4                                      printf("\n‰Ω†ÁÇπ‰∫Æ‰∫ÜLED");
  55   4                                      while(!TI);
  56   4                                      TI=0;
  57   4                              }
  58   3                              
  59   3                              else if(flag_l == 0)
  60   3                              {
  61   4                                      TI=1;
  62   4                                      printf("\n‰Ω†ÁÜÑÁÅ≠‰∫ÜLED");
  63   4                                      while(!TI);
  64   4                                      TI=0;
  65   4                              }
  66   3                              
  67   3                              flag_t=0;  
  68   3                      }     
  69   2              }
  70   1      }
  71          
  72          void UART_Routine(void)         interrupt 4
  73          {
  74   1              if(RI)
  75   1          {
  76   2                      RI=0;
  77   2                      
  78   2              if(flag==0&&j!=0)//1.Âæ™ÁéØËµãÂÄº‰∏∫'\0'(Â≠óÁ¨¶‰∏≤ÁªìÂ∞æÊ†áÂøóÁ¨¶),j=0Ôºå‰∏∫‰∫ÜÁ¨¨‰∫åÊ¨°‰º†ÈÄíÂ≠óÁ
             -¨¶‰∏≤ÊòØÂèàÊòØ‰ªéÂ§¥ËæìÂá∫  
  79   2              {            //2.flag‰∏∫0Âíåj‰∏ç‰∏∫0Êó∂Ôºå‰øùËØÅÊòØÁ¨¨‰∫åÊ¨°Âèä‰ª•ÂêéÔºå‰º†ËæìÂ≠óÁ¨¶‰∏≤ÔºàÊéßÂà∂Ëæ
             -ìÂá∫Ê†ºÂºèÔºâ  
  80   3                  flag_n = 1;              
  81   3                  for(j=0;s[j]!='\n'&&j<50;j++)  
  82   3                  s[j]='\0';  
  83   3                  j=0;  
  84   3              }  
  85   2                      
  86   2              s[j]=SBUF;  
  87   2              flag=1;  
  88   2      //              if(((s[0]=='1')&&(s[j] == '#'))||j==49)     //‰ª•'#'‰Ωú‰∏∫‰º†ÈÄÅÂ≠óÁ¨¶‰∏≤ÁöÑÁªìÂ∞æÁ¨¶ÔºåÊàëÂÆö‰πâÁöÑÂ≠
             -óÁ¨¶Êï∞ÁªÑÊúÄÈïø‰∏∫50ÊâÄ‰ª•49‰πüÂ∫îËØ•ÁªìÊùü„ÄÇ
  89   2      //              {
  90   2      //                      flag_t=1;
  91   2      //                      LED = 0x00;
  92   2      //                      
  93   2      //              }
  94   2      //        else if(s[0] == '0')
  95   2      //              {
  96   2      //                      flag_t=1;
  97   2      //                      LED = 0xff;
  98   2      //              }
  99   2      //              else
 100   2      //                      j++;
 101   2              if(s[j]=='\n'||j==49)     //‰ª•'#'‰Ωú‰∏∫‰º†ÈÄÅÂ≠óÁ¨¶‰∏≤ÁöÑÁªìÂ∞æÁ¨¶ÔºåÊàëÂÆö‰πâÁöÑÂ≠óÁ¨¶Êï∞ÁªÑÊúÄÈ
             -ïø‰∏∫50ÊâÄ‰ª•49‰πüÂ∫îËØ•ÁªìÊùü„ÄÇ
 102   2              {
 103   3                              if(s[0]=='1')
 104   3                              {
 105   4                                      LED = 0x00;
 106   4                                      flag_l = 1;
 107   4                              }
 108   3                              else if(s[0]=='0')
 109   3                              {
 110   4                                      LED = 0xff;
 111   4                                      flag_l = 0;
C51 COMPILER V9.60.0.0   MAIN                                                              03/20/2022 23:34:31 PAGE 3   

 112   4                              }
 113   3                              
 114   3                              flag_t=1;
 115   3                      }   
 116   2              else  
 117   2                  j++;  
 118   2                      
 119   2          }  
 120   1      
 121   1          if(TI)     //ÂèëÈÄÅÊï∞ÊçÆ
 122   1          {
 123   2          }
 124   1      }


MODULE INFORMATION:   STATIC OVERLAYABLE
   CODE SIZE        =    274    ----
   CONSTANT SIZE    =     36    ----
   XDATA SIZE       =   ----    ----
   PDATA SIZE       =   ----    ----
   DATA SIZE        =     56    ----
   IDATA SIZE       =   ----    ----
   BIT SIZE         =   ----    ----
END OF MODULE INFORMATION.


C51 COMPILATION COMPLETE.  0 WARNING(S),  0 ERROR(S)
