C51 COMPILER V9.60.0.0   MAIN                                                              03/20/2022 19:43:01 PAGE 1   


C51 COMPILER V9.60.0.0, COMPILATION OF MODULE MAIN
OBJECT MODULE PLACED IN .\Objects\main.obj
COMPILER INVOKED BY: D:\Code\Keil_v5\C51\BIN\C51.EXE main.c OPTIMIZE(8,SPEED) BROWSE DEBUG OBJECTEXTEND PRINT(.\Listings
                    -\main.lst) TABS(2) OBJECT(.\Objects\main.obj)

line level    source

   1          #include <REGX52.H>
   2          #include "Delay.h"
   3          
   4          #define LED P2
   5          
   6          sbit KEY1 = P3^1;
   7          sbit KEY2 = P3^0;
   8          sbit KEY3 = P3^2;
   9          sbit KEY4 = P3^3;
  10          
  11          void initEx0() 
  12          {
  13   1        EA = 1;
  14   1        EX0 = 1;
  15   1        IT0 = 1;
  16   1      }
  17          
  18          void initEx1() 
  19          {
  20   1        EA = 1; 
  21   1        EX1 = 1;
  22   1        IT1 = 1;
  23   1      }
  24          
  25          void main()
  26          {
  27   1        initEx0();
  28   1        initEx1();
  29   1        
  30   1        LED = 0xFF;
  31   1        
  32   1        while(1)
  33   1        {
  34   2          
  35   2        }
  36   1      }
  37          
  38          void Int0_Routine(void)   interrupt 0
  39          {
  40   1        Delay(20);
  41   1        while(KEY3 == 0);
  42   1        Delay(20);
  43   1        LED = 0x00;
  44   1      }
  45          
  46          void Int1_Routine(void)   interrupt 2
  47          {
  48   1        Delay(20);
  49   1        while(KEY4 == 0);
  50   1        Delay(20);
  51   1        LED = 0xFF;
  52   1      }


C51 COMPILER V9.60.0.0   MAIN                                                              03/20/2022 19:43:01 PAGE 2   

MODULE INFORMATION:   STATIC OVERLAYABLE
   CODE SIZE        =    177    ----
   CONSTANT SIZE    =   ----    ----
   XDATA SIZE       =   ----    ----
   PDATA SIZE       =   ----    ----
   DATA SIZE        =   ----    ----
   IDATA SIZE       =   ----    ----
   BIT SIZE         =   ----    ----
END OF MODULE INFORMATION.


C51 COMPILATION COMPLETE.  0 WARNING(S),  0 ERROR(S)
