C51 COMPILER V9.60.0.0   MAIN                                                              04/19/2022 22:58:29 PAGE 1   


C51 COMPILER V9.60.0.0, COMPILATION OF MODULE MAIN
OBJECT MODULE PLACED IN .\Objects\main.obj
COMPILER INVOKED BY: D:\Code\Keil_v5\C51\BIN\C51.EXE main.c OPTIMIZE(8,SPEED) BROWSE DEBUG OBJECTEXTEND PRINT(.\Listings
                    -\main.lst) OBJECT(.\Objects\main.obj)

line level    source

   1          #include <reg51.h>
   2          
   3          unsigned char code table[] = {0xC0, 0xF9, 0xA4, 0xB0, 0x99, 0x92, 0x82, 0xF8, 0x80, 0x90, 0x88, 0x83, 0xC6
             -, 0xA1, 0x86, 0x8E};
   4          
   5          /**
   6          void Delay(void)
   7          {
   8              unsigned char i, j;
   9          
  10              for(i = 0; i < 20; i++)
  11                  for(j = 0; j < 250; j++);
  12          }
  13          **/
  14          
  15          void Display(unsigned char i)
  16          {
  17   1          P2 = 0x7F;
  18   1          P0 = table[i];
  19   1      }
  20          
  21          void Keyscan(void)
  22          {
  23   1          unsigned char m, n;
  24   1          P1 = 0xF0;
  25   1          m = P1;
  26   1          n &= 0xF0;
  27   1          P1 = 0x0F;
  28   1          n = P1;
  29   1          n &= 0x0F;
  30   1          m = m | n;
  31   1      
  32   1          switch(m)
  33   1          {
  34   2              case(0xEE):
  35   2                  Display(3);
  36   2                  break; //1110_1110
  37   2      
  38   2              case(0xDE):
  39   2                  Display(2);
  40   2                  break; //1101_1110
  41   2      
  42   2              case(0xBE):
  43   2                  Display(1);
  44   2                  break; //1011_1110
  45   2      
  46   2              case(0x7E):
  47   2                  Display(0);
  48   2                  break; //0111_1110
  49   2      
  50   2              case(0xED):
  51   2                  Display(7);
  52   2                  break; //1110_1101
  53   2      
C51 COMPILER V9.60.0.0   MAIN                                                              04/19/2022 22:58:29 PAGE 2   

  54   2              case(0xDD):
  55   2                  Display(6);
  56   2                  break; //1101_1101
  57   2      
  58   2              case(0xBD):
  59   2                  Display(5);
  60   2                  break; //1011_1101
  61   2      
  62   2              case(0x7D):
  63   2                  Display(4);
  64   2                  break; //0111_1101
  65   2      
  66   2              case(0xEB):
  67   2                  Display(11);
  68   2                  break; //1110_1011
  69   2      
  70   2              case(0xDB):
  71   2                  Display(10);
  72   2                  break; //1101_1011
  73   2      
  74   2              case(0xBB):
  75   2                  Display(9);
  76   2                  break; //1011_1011
  77   2      
  78   2              case(0x7B):
  79   2                  Display(8);
  80   2                  break; //0111_1011
  81   2      
  82   2              case(0xE7):
  83   2                  Display(15);
  84   2                  break; //1110_0111
  85   2      
  86   2              case(0xD7):
  87   2                  Display(14);
  88   2                  break; //1101_0111
  89   2      
  90   2              case(0xB7):
  91   2                  Display(13);
  92   2                  break; //1011_0111
  93   2      
  94   2              case(0x77):
  95   2                  Display(12);
  96   2                  break; //0111_0111
  97   2          }
  98   1      }
  99          
 100          void main()
 101          {
 102   1      
 103   1          while(1)
 104   1          {
 105   2              Keyscan();
 106   2          }
 107   1      }


MODULE INFORMATION:   STATIC OVERLAYABLE
   CODE SIZE        =    159    ----
   CONSTANT SIZE    =     16    ----
   XDATA SIZE       =   ----    ----
   PDATA SIZE       =   ----    ----
   DATA SIZE        =   ----       1
C51 COMPILER V9.60.0.0   MAIN                                                              04/19/2022 22:58:29 PAGE 3   

   IDATA SIZE       =   ----    ----
   BIT SIZE         =   ----    ----
END OF MODULE INFORMATION.


C51 COMPILATION COMPLETE.  0 WARNING(S),  0 ERROR(S)
