C51 COMPILER V9.60.0.0   MAIN                                                              04/21/2022 22:39:14 PAGE 1   


C51 COMPILER V9.60.0.0, COMPILATION OF MODULE MAIN
OBJECT MODULE PLACED IN .\Objects\main.obj
COMPILER INVOKED BY: D:\Code\Keil_v5\C51\BIN\C51.EXE main.c OPTIMIZE(8,SPEED) BROWSE DEBUG OBJECTEXTEND PRINT(.\Listings
                    -\main.lst) OBJECT(.\Objects\main.obj)

line level    source

   1          #include <reg52.h>
   2          
   3          unsigned char code Table[]={0x3F,0x06,0x5B,0x4F,0x66,0x6D,0x7D,0x07,0x7F,0x6F};
   4          unsigned char count,number;
   5          unsigned char number1,number2;
   6          unsigned char Init_Flag = 0;
   7          unsigned char Stop_Flag = 0;
   8                  
   9          sbit P2_2 = P2^2;
  10          sbit P2_3 = P2^3;
  11          sbit P2_4 = P2^4;
  12          sbit P3_2 = P3^2;
  13          sbit P3_3 = P3^3;
  14          
  15          void Delay4ms()
  16          {
  17   1              unsigned char i, j;
  18   1      
  19   1              i = 8;
  20   1              j = 40;
  21   1              do
  22   1              {
  23   2                      while (--j);
  24   2              } while (--i);
  25   1      }
  26          
  27          void Timer0Init(void)
  28          {
  29   1              EA = 1;
  30   1              TMOD = 0x01;
  31   1              TL0 = 0xCD;             
  32   1              TH0 = 0xF8;
  33   1              TF0 = 0;
  34   1              ET0 = 1;
  35   1              TR0 = 1;
  36   1      }
  37          
  38          void Timer1Init(void)   //50000微秒
  39          {
  40   1              EA = 1;
  41   1              TMOD &= 0x0F;
  42   1              TMOD |= 0x10;
  43   1              PT1 = 1;
  44   1              TL1 = 0x00;
  45   1              TH1 = 0x4C;
  46   1              TF1 = 0;
  47   1              ET1 = 1;
  48   1              TR1 = 1;
  49   1      }
  50          
  51          void EX0Init(void)
  52          {
  53   1              IT0 = 1;        //边沿触发
  54   1              EX0 = 1;        //允许外部中断0中断
C51 COMPILER V9.60.0.0   MAIN                                                              04/21/2022 22:39:14 PAGE 2   

  55   1      }
  56          
  57          void EX1Init(void)
  58          {
  59   1              IT1 = 1;        //边沿触发
  60   1              EX1 = 1;        //允许外部中断0中断
  61   1      }
  62          
  63          void main()
  64          {       
  65   1              Start:
  66   1              count = 20;
  67   1              number = 0;
  68   1              EX0Init();
  69   1              EX1Init();
  70   1              Timer0Init();
  71   1              Timer1Init();
  72   1              
  73   1              while(1)
  74   1              {
  75   2                      if(Init_Flag == 1)
  76   2                      {
  77   3                              Init_Flag = 0;
  78   3                              goto Start;
  79   3                      }
  80   2                      if(Stop_Flag == 1)
  81   2                      {
  82   3                              Stop_Flag = 0;
  83   3                              if(TR1 == 0)
  84   3                              {
  85   4                                      TR1 = 1;
  86   4                              }
  87   3                              else if(TR1 == 1)
  88   3                              {
  89   4                                      TR1 = 0;
  90   4                              }       
  91   3                      }
  92   2              }
  93   1      }
  94          
  95          void InterruptTimer0() interrupt 1
  96          {       
  97   1              static unsigned char i = 0;
  98   1              
  99   1              number1 = number / 10;
 100   1              number2 = number % 10;
 101   1              
 102   1              TL0 = 0xCD;             
 103   1              TH0 = 0xF8;     
 104   1              
 105   1              P0 = 0x00;
 106   1              
 107   1              switch(i)
 108   1              {
 109   2                      case 0:P2_4=1;P2_3=1;P2_2=1;i++; P0=Table[number1]; break;
 110   2                      case 1:P2_4=1;P2_3=1;P2_2=0;i=0; P0=Table[number2]; break;
 111   2                      default: break;
 112   2              }
 113   1      }
 114          
 115          void InterruptTimer1() interrupt 3
 116          {
C51 COMPILER V9.60.0.0   MAIN                                                              04/21/2022 22:39:14 PAGE 3   

 117   1              if(count != 0)
 118   1              {
 119   2                      count--;
 120   2              }
 121   1              else
 122   1              {
 123   2                      TF1 = 0;
 124   2                      TL1 = 0x00;
 125   2                      TH1 = 0x4C;
 126   2                      count = 20;
 127   2                      
 128   2                      number++;
 129   2                      
 130   2                      if(number == 100)
 131   2                      {
 132   3                              number =0;
 133   3                      }
 134   2              }
 135   1      }
 136          
 137          void Int0_Routine() interrupt 0
 138          {
 139   1              Delay4ms();
 140   1              if(P3_2 == 0)
 141   1              {
 142   2                      Init_Flag = 1;
 143   2              }
 144   1      }
 145          
 146          void Int1_Routine() interrupt 2
 147          {
 148   1              Delay4ms();
 149   1              if(P3_3 == 0)
 150   1              {
 151   2                      Stop_Flag = 1;
 152   2              }
 153   1      }


MODULE INFORMATION:   STATIC OVERLAYABLE
   CODE SIZE        =    278    ----
   CONSTANT SIZE    =     10    ----
   XDATA SIZE       =   ----    ----
   PDATA SIZE       =   ----    ----
   DATA SIZE        =      7    ----
   IDATA SIZE       =   ----    ----
   BIT SIZE         =   ----    ----
END OF MODULE INFORMATION.


C51 COMPILATION COMPLETE.  0 WARNING(S),  0 ERROR(S)
