C51 COMPILER V9.60.0.0   MAIN                                                              04/21/2022 17:40:51 PAGE 1   


C51 COMPILER V9.60.0.0, COMPILATION OF MODULE MAIN
OBJECT MODULE PLACED IN .\Objects\main.obj
COMPILER INVOKED BY: D:\Code\Keil_v5\C51\BIN\C51.EXE main.c OPTIMIZE(8,SPEED) BROWSE DEBUG OBJECTEXTEND PRINT(.\Listings
                    -\main.lst) OBJECT(.\Objects\main.obj)

line level    source

   1          #include <reg51.h>
   2          
   3          sbit P1_0=P1^0;
   4          
   5          unsigned char n = 10;
   6          
   7          void main(void)
   8          {
   9   1              TMOD=0x01;
  10   1              P1_0=0;
  11   1              TH0=(65536-50000/256);
  12   1              TL0=(65536-50000%256);
  13   1              EA=1;
  14   1              ET0=1;
  15   1              TR0=1;
  16   1              while(1);
  17   1      }
  18          
  19          void timer0(void)interrupt 1 using 1 
  20          {
  21   1              if(n!=0)
  22   1              {
  23   2                      n--;
  24   2              }
  25   1              else
  26   1              {
  27   2                      P1_0=!P1_0;
  28   2                      TH0=(65536-50000/256);
  29   2                      TL0=(65536-50000%256);
  30   2                      n = 10;
  31   2              }
  32   1              
  33   1      }


MODULE INFORMATION:   STATIC OVERLAYABLE
   CODE SIZE        =     43    ----
   CONSTANT SIZE    =   ----    ----
   XDATA SIZE       =   ----    ----
   PDATA SIZE       =   ----    ----
   DATA SIZE        =      1    ----
   IDATA SIZE       =   ----    ----
   BIT SIZE         =   ----    ----
END OF MODULE INFORMATION.


C51 COMPILATION COMPLETE.  0 WARNING(S),  0 ERROR(S)
